<?xml version="1.0" encoding="utf-8"?><testsuites name="pytest tests"><testsuite name="pytest" errors="0" failures="0" skipped="1" tests="26" time="2.847" timestamp="2026-09-16T16:18:12.648477+00:00" hostname="agent-env-260225b9-28a9-4eae-9a04-0f23df4e2008"><testcase classname="tests.test_zodiac_backend.TestProtectedEndpointsAuth" name="test_requires_auth[get-/users/me]" time="0.167" /><testcase classname="tests.test_zodiac_backend.TestProtectedEndpointsAuth" name="test_requires_auth[get-/predictions/today]" time="0.074" /><testcase classname="tests.test_zodiac_backend.TestProtectedEndpointsAuth" name="test_requires_auth[post-/predictions/checkin]" time="0.068" /><testcase classname="tests.test_zodiac_backend.TestUserProfile" name="test_get_me" time="0.370" /><testcase classname="tests.test_zodiac_backend.TestProtectedEndpointsAuth" name="test_requires_auth[get-/notifications]" time="0.067" /><testcase classname="tests.test_zodiac_backend.TestUserProfile" name="test_update_me_editable_fields" time="0.155" /><testcase classname="tests.test_zodiac_backend.TestProtectedEndpointsAuth" name="test_requires_auth[post-/notifications/read-all]" time="0.071" /><testcase classname="tests.test_zodiac_backend.TestProtectedEndpointsAuth" name="test_requires_auth[get-/subscription/status]" time="0.146" /><testcase classname="tests.test_zodiac_backend.TestUserProfile" name="test_update_me_notif_prefs" time="0.209" /><testcase classname="tests.test_zodiac_backend.TestProtectedEndpointsAuth" name="test_requires_auth[post-/subscription/subscribe]" time="0.067" /><testcase classname="tests.test_zodiac_backend.TestProtectedEndpointsAuth" name="test_requires_auth[post-/subscription/cancel]" time="0.071" /><testcase classname="tests.test_zodiac_backend.TestProtectedEndpointsAuth" name="test_invalid_token_401" time="0.067" /><testcase classname="tests.test_zodiac_backend.TestUserProfile" name="test_update_me_no_fields_400" time="0.069" /><testcase classname="tests.test_zodiac_backend.TestAuthFlow" name="test_send_otp_bypass" time="0.067" /><testcase classname="tests.test_zodiac_backend.TestUserProfile" name="test_dob_and_mobile_not_updatable" time="0.068" /><testcase classname="tests.test_zodiac_backend.TestAuthFlow" name="test_verify_otp_wrong_code_fails" time="0.064" /><testcase classname="tests.test_zodiac_backend.TestSubscription" name="test_subscription_status" time="0.108" /><testcase classname="tests.test_zodiac_backend.TestSubscription" name="test_subscribe_activates_premium" time="0.191" /><testcase classname="tests.test_zodiac_backend.TestAuthFlow" name="test_verify_otp_bypass_success" time="0.190" /><testcase classname="tests.test_zodiac_backend.TestAuthFlow" name="test_new_user_signup_flow" time="0.000"><skipped type="pytest.skip" message="Cannot create genuinely new user without real Twilio OTP or DB seeding; covered by manual/UI test">/app/backend/tests/test_zodiac_backend.py:67: Cannot create genuinely new user without real Twilio OTP or DB seeding; covered by manual/UI test</skipped></testcase><testcase classname="tests.test_zodiac_backend.TestPredictions" name="test_get_today_prediction_and_cache" time="1.134" /><testcase classname="tests.test_zodiac_backend.TestSubscription" name="test_cancel_subscription" time="0.138" /><testcase classname="tests.test_zodiac_backend.TestNotifications" name="test_list_notifications" time="0.069" /><testcase classname="tests.test_zodiac_backend.TestNotifications" name="test_mark_all_read" time="0.134" /><testcase classname="tests.test_zodiac_backend.TestPredictions" name="test_checkin_marks_done_and_streak" time="0.197" /><testcase classname="tests.test_zodiac_backend.TestZodiacSignCalculation" name="test_zodiac_boundaries" time="0.002" /></testsuite></testsuites>